2019-04-10 19:25:11 [scrapy.utils.log] INFO: Scrapy 1.6.0 started (bot: scraper)
2019-04-10 19:25:11 [scrapy.utils.log] INFO: Versions: lxml 4.3.3.0, libxml2 2.9.9, cssselect 1.0.3, parsel 1.5.1, w3lib 1.20.0, Twisted 18.9.0, Python 3.7.3 (default, Mar 27 2019, 22:11:17) - [GCC 7.3.0], pyOpenSSL 19.0.0 (OpenSSL 1.1.1b  26 Feb 2019), cryptography 2.6.1, Platform Linux-4.4.0-145-generic-x86_64-with-debian-stretch-sid
2019-04-10 19:25:11 [scrapy.crawler] INFO: Overridden settings: {'BOT_NAME': 'scraper', 'LOG_FILE': 'logs/default/sales/5b3e30ce5bc611e99306005056a190d2.log', 'NEWSPIDER_MODULE': 'scraper.spiders', 'ROBOTSTXT_OBEY': True, 'SPIDER_MODULES': ['scraper.spiders']}
2019-04-10 19:25:11 [scrapy.extensions.telnet] INFO: Telnet Password: 3a7fefac49658eea
2019-04-10 19:25:11 [scrapy.middleware] INFO: Enabled extensions:
['scrapy.extensions.corestats.CoreStats',
 'scrapy.extensions.telnet.TelnetConsole',
 'scrapy.extensions.memusage.MemoryUsage',
 'scrapy.extensions.logstats.LogStats']
2019-04-10 19:25:11 [scrapy.middleware] INFO: Enabled downloader middlewares:
['scrapy.downloadermiddlewares.robotstxt.RobotsTxtMiddleware',
 'scrapy.downloadermiddlewares.httpauth.HttpAuthMiddleware',
 'scrapy.downloadermiddlewares.downloadtimeout.DownloadTimeoutMiddleware',
 'scrapy.downloadermiddlewares.defaultheaders.DefaultHeadersMiddleware',
 'scrapy.downloadermiddlewares.useragent.UserAgentMiddleware',
 'scrapy.downloadermiddlewares.retry.RetryMiddleware',
 'scrapy.downloadermiddlewares.redirect.MetaRefreshMiddleware',
 'scrapy.downloadermiddlewares.httpcompression.HttpCompressionMiddleware',
 'scrapy.downloadermiddlewares.redirect.RedirectMiddleware',
 'scrapy.downloadermiddlewares.cookies.CookiesMiddleware',
 'scrapy.downloadermiddlewares.httpproxy.HttpProxyMiddleware',
 'scrapy.downloadermiddlewares.stats.DownloaderStats']
2019-04-10 19:25:11 [scrapy.middleware] INFO: Enabled spider middlewares:
['scrapy.spidermiddlewares.httperror.HttpErrorMiddleware',
 'scrapy.spidermiddlewares.offsite.OffsiteMiddleware',
 'scrapy.spidermiddlewares.referer.RefererMiddleware',
 'scrapy.spidermiddlewares.urllength.UrlLengthMiddleware',
 'scrapy.spidermiddlewares.depth.DepthMiddleware']
2019-04-10 19:25:11 [scrapy.middleware] INFO: Enabled item pipelines:
[]
2019-04-10 19:25:11 [scrapy.core.engine] INFO: Spider opened
2019-04-10 19:25:12 [scrapy.extensions.logstats] INFO: Crawled 0 pages (at 0 pages/min), scraped 0 items (at 0 items/min)
2019-04-10 19:25:12 [scrapy.extensions.telnet] INFO: Telnet console listening on 127.0.0.1:6023
2019-04-10 19:25:12 [scrapy.core.engine] DEBUG: Crawled (404) <GET http://hypomeals-sales.colab.duke.edu:8080/robots.txt> (referer: None)
2019-04-10 19:25:12 [scrapy.core.engine] DEBUG: Crawled (200) <GET http://hypomeals-sales.colab.duke.edu:8080/> (referer: None)
2019-04-10 19:25:15 [scrapy.core.engine] INFO: Closing spider (finished)
2019-04-10 19:25:15 [scrapy.statscollectors] INFO: Dumping Scrapy stats:
{'downloader/request_bytes': 468,
 'downloader/request_count': 2,
 'downloader/request_method_count/GET': 2,
 'downloader/response_bytes': 1521,
 'downloader/response_count': 2,
 'downloader/response_status_count/200': 1,
 'downloader/response_status_count/404': 1,
 'finish_reason': 'finished',
 'finish_time': datetime.datetime(2019, 4, 10, 19, 25, 15, 867135),
 'log_count/DEBUG': 2,
 'log_count/INFO': 9,
 'memusage/max': 69935104,
 'memusage/startup': 69935104,
 'response_received_count': 2,
 'robotstxt/request_count': 1,
 'robotstxt/response_count': 1,
 'robotstxt/response_status_count/404': 1,
 'scheduler/dequeued': 1,
 'scheduler/dequeued/memory': 1,
 'scheduler/enqueued': 1,
 'scheduler/enqueued/memory': 1,
 'start_time': datetime.datetime(2019, 4, 10, 19, 25, 12, 596)}
2019-04-10 19:25:15 [scrapy.core.engine] INFO: Spider closed (finished)
